01:53:08.420 [main] INFO  server.Server - Cosmic v83 starting up.
01:53:08.590 [main] INFO  tools.DatabaseConnection - Initializing connection pool...
01:53:08.594 [main] INFO  hikari.HikariDataSource - HikariPool-1 - Starting...
01:53:08.891 [main] INFO  pool.HikariPool - HikariPool-1 - Added connection com.mysql.cj.jdbc.ConnectionImpl@32cb636e
01:53:08.893 [main] INFO  hikari.HikariDataSource - HikariPool-1 - Start completed.
01:53:08.896 [main] INFO  tools.DatabaseConnection - Connection pool initialized in 301 ms
01:53:09.148 [main] INFO  server.Server - Starting world 0
01:53:11.002 [main] INFO  channel.Channel - Channel 1: Listening on port 7575
01:53:11.063 [main] INFO  channel.Channel - Channel 2: Listening on port 7576
01:53:11.131 [main] INFO  channel.Channel - Channel 3: Listening on port 7577
01:53:11.189 [main] INFO  channel.Channel - Channel 4: Listening on port 7578
01:53:11.239 [main] INFO  channel.Channel - Channel 5: Listening on port 7579
01:53:11.297 [main] INFO  channel.Channel - Channel 6: Listening on port 7580
01:53:11.347 [main] INFO  channel.Channel - Channel 7: Listening on port 7581
01:53:11.399 [main] INFO  channel.Channel - Channel 8: Listening on port 7582
01:53:11.456 [main] INFO  channel.Channel - Channel 9: Listening on port 7583
01:53:11.511 [main] INFO  channel.Channel - Channel 10: Listening on port 7584
01:53:11.560 [main] INFO  channel.Channel - Channel 11: Listening on port 7585
01:53:11.605 [main] INFO  channel.Channel - Channel 12: Listening on port 7586
01:53:11.646 [main] INFO  channel.Channel - Channel 13: Listening on port 7587
01:53:11.687 [main] INFO  channel.Channel - Channel 14: Listening on port 7588
01:53:11.730 [main] INFO  channel.Channel - Channel 15: Listening on port 7589
01:53:11.768 [main] INFO  channel.Channel - Channel 16: Listening on port 7590
01:53:11.805 [main] INFO  channel.Channel - Channel 17: Listening on port 7591
01:53:11.842 [main] INFO  channel.Channel - Channel 18: Listening on port 7592
01:53:11.913 [main] INFO  server.Server - Finished loading world 0
01:53:11.981 [main] INFO  server.Server - Listening on port 8484
01:53:11.981 [main] INFO  server.Server - Cosmic is now online after 3564 ms.
08:53:21.146 [nioEventLoopGroup-39-1] DEBUG netty.LoginServerInitializer - Client connected to login server from 127.0.0.1 
08:53:52.773 [nioEventLoopGroup-3-1] DEBUG netty.ChannelServerInitializer - Client connecting to world 0, channel 1 from 127.0.0.1
08:54:24.164 [HikariPool-1 housekeeper] WARN  pool.HikariPool - HikariPool-1 - Thread starvation or clock leap detected (housekeeper delta=45s149ms830µs200ns).
08:54:24.165 [nioEventLoopGroup-3-1] INFO  command.CommandsExecutor - Chr Admin used command ZakumCommand
08:54:24.188 [Thread-0] INFO  server.Server - Shutting down the server!
08:54:24.188 [Thread-0] INFO  channel.Channel - Shutting down channel 1 in world 0
08:54:24.197 [Thread-0] DEBUG client.Character - Attempting to save chr Admin
08:54:24.381 [Thread-0] INFO  channel.Channel - Successfully shut down channel 1 in world 0
08:54:24.381 [Thread-0] INFO  channel.Channel - Shutting down channel 2 in world 0
08:54:24.387 [Thread-0] INFO  channel.Channel - Successfully shut down channel 2 in world 0
08:54:24.387 [Thread-0] INFO  channel.Channel - Shutting down channel 3 in world 0
08:54:24.394 [Thread-0] INFO  channel.Channel - Successfully shut down channel 3 in world 0
08:54:24.394 [Thread-0] INFO  channel.Channel - Shutting down channel 4 in world 0
08:54:24.399 [Thread-0] INFO  channel.Channel - Successfully shut down channel 4 in world 0
08:54:24.399 [Thread-0] INFO  channel.Channel - Shutting down channel 5 in world 0
08:54:24.404 [Thread-0] INFO  channel.Channel - Successfully shut down channel 5 in world 0
08:54:24.404 [Thread-0] INFO  channel.Channel - Shutting down channel 6 in world 0
08:54:24.409 [Thread-0] INFO  channel.Channel - Successfully shut down channel 6 in world 0
08:54:24.409 [Thread-0] INFO  channel.Channel - Shutting down channel 7 in world 0
08:54:24.413 [Thread-0] INFO  channel.Channel - Successfully shut down channel 7 in world 0
08:54:24.413 [Thread-0] INFO  channel.Channel - Shutting down channel 8 in world 0
08:54:24.418 [Thread-0] INFO  channel.Channel - Successfully shut down channel 8 in world 0
08:54:24.418 [Thread-0] INFO  channel.Channel - Shutting down channel 9 in world 0
08:54:24.423 [Thread-0] INFO  channel.Channel - Successfully shut down channel 9 in world 0
08:54:24.423 [Thread-0] INFO  channel.Channel - Shutting down channel 10 in world 0
08:54:24.427 [Thread-0] INFO  channel.Channel - Successfully shut down channel 10 in world 0
08:54:24.427 [Thread-0] INFO  channel.Channel - Shutting down channel 11 in world 0
08:54:24.432 [Thread-0] INFO  channel.Channel - Successfully shut down channel 11 in world 0
08:54:24.432 [Thread-0] INFO  channel.Channel - Shutting down channel 12 in world 0
08:54:24.438 [Thread-0] INFO  channel.Channel - Successfully shut down channel 12 in world 0
08:54:24.438 [Thread-0] INFO  channel.Channel - Shutting down channel 13 in world 0
08:54:24.442 [Thread-0] INFO  channel.Channel - Successfully shut down channel 13 in world 0
08:54:24.443 [Thread-0] INFO  channel.Channel - Shutting down channel 14 in world 0
08:54:24.446 [Thread-0] INFO  channel.Channel - Successfully shut down channel 14 in world 0
08:54:24.446 [Thread-0] INFO  channel.Channel - Shutting down channel 15 in world 0
08:54:24.450 [Thread-0] INFO  channel.Channel - Successfully shut down channel 15 in world 0
08:54:24.450 [Thread-0] INFO  channel.Channel - Shutting down channel 16 in world 0
08:54:24.456 [Thread-0] INFO  channel.Channel - Successfully shut down channel 16 in world 0
08:54:24.456 [Thread-0] INFO  channel.Channel - Shutting down channel 17 in world 0
08:54:24.460 [Thread-0] INFO  channel.Channel - Successfully shut down channel 17 in world 0
08:54:24.460 [Thread-0] INFO  channel.Channel - Shutting down channel 18 in world 0
08:54:24.463 [Thread-0] INFO  channel.Channel - Successfully shut down channel 18 in world 0
08:54:24.463 [Thread-0] INFO  world.World - Finished shutting down world 0
08:54:24.466 [Thread-0] INFO  server.Server - Worlds and channels are offline.
