06:49:52.115 [nioEventLoopGroup-3-4] INFO  gachapon.Gachapon - Mantracker got a Steel Ore (4010001) from the Perion gachapon.
06:49:53.319 [nioEventLoopGroup-3-4] INFO  gachapon.Gachapon - Mantracker got a Sunset Dew (2020015) from the Perion gachapon.
06:49:54.004 [nioEventLoopGroup-3-4] INFO  gachapon.Gachapon - Mantracker got a Brown Jeweled (1082192) from the Perion gachapon.
06:49:54.874 [nioEventLoopGroup-3-4] INFO  gachapon.Gachapon - Mantracker got a Gold Sneak (1041060) from the Perion gachapon.
06:49:55.597 [nioEventLoopGroup-3-4] INFO  gachapon.Gachapon - Mantracker got a Blue Work Gloves (1082147) from the Perion gachapon.
06:49:56.314 [nioEventLoopGroup-3-4] INFO  gachapon.Gachapon - Mantracker got a Onyx Apple (2022179) from the Perion gachapon.
06:49:57.102 [nioEventLoopGroup-3-4] INFO  gachapon.Gachapon - Mantracker got a Brown Bamboo Hat (1002026) from the Perion gachapon.
06:49:57.873 [nioEventLoopGroup-3-4] INFO  gachapon.Gachapon - Mantracker got a Thorns (1382006) from the Perion gachapon.
06:49:58.785 [nioEventLoopGroup-3-4] INFO  gachapon.Gachapon - Mantracker got a Clean Slate Scroll 20% (2049003) from the Perion gachapon.
06:49:59.532 [nioEventLoopGroup-3-4] INFO  gachapon.Gachapon - Mantracker got a Pico-Pico Hammer (1302021) from the Perion gachapon.
06:50:00.479 [nioEventLoopGroup-3-4] INFO  gachapon.Gachapon - Mantracker got a Blue China Pants (1060084) from the Perion gachapon.
06:50:02.319 [nioEventLoopGroup-3-4] INFO  gachapon.Gachapon - Mantracker got a Red Bean Sundae (2001002) from the Perion gachapon.
06:50:03.429 [nioEventLoopGroup-3-4] INFO  gachapon.Gachapon - Mantracker got a Cromi (1372007) from the Perion gachapon.
06:50:04.209 [nioEventLoopGroup-3-4] INFO  gachapon.Gachapon - Mantracker got a Red Calaf (1051033) from the Perion gachapon.
06:50:05.006 [nioEventLoopGroup-3-4] INFO  gachapon.Gachapon - Mantracker got a Gladius (1302008) from the Perion gachapon.
06:50:05.796 [nioEventLoopGroup-3-4] INFO  gachapon.Gachapon - Mantracker got a The Summoning Rock (4006001) from the Perion gachapon.
06:50:06.397 [nioEventLoopGroup-3-4] INFO  gachapon.Gachapon - Mantracker got a Bent Judgement (1322020) from the Perion gachapon.
06:50:07.201 [nioEventLoopGroup-3-4] INFO  gachapon.Gachapon - Mantracker got a Silver Ore (4010004) from the Perion gachapon.
06:50:08.005 [nioEventLoopGroup-3-4] INFO  gachapon.Gachapon - Mantracker got a Ice Cream Pop (2001001) from the Perion gachapon.
06:50:08.810 [nioEventLoopGroup-3-4] INFO  gachapon.Gachapon - Mantracker got a Blue China Pants (1060084) from the Perion gachapon.
06:50:09.647 [nioEventLoopGroup-3-4] INFO  gachapon.Gachapon - Mantracker got a Purple Bandana (1002395) from the Perion gachapon.
06:50:10.490 [nioEventLoopGroup-3-4] INFO  gachapon.Gachapon - Mantracker got a Blue Legolia Pants (1061061) from the Perion gachapon.
06:50:11.085 [nioEventLoopGroup-3-4] INFO  gachapon.Gachapon - Mantracker got a Bronze Ore (4010000) from the Perion gachapon.
06:50:11.909 [nioEventLoopGroup-3-4] INFO  gachapon.Gachapon - Mantracker got a Power Crystal Ore (4004000) from the Perion gachapon.
06:50:12.745 [nioEventLoopGroup-3-4] INFO  gachapon.Gachapon - Mantracker got a Wisdom Crystal Ore (4004001) from the Perion gachapon.
06:50:13.615 [nioEventLoopGroup-3-4] INFO  gachapon.Gachapon - Mantracker got a Naricain's Demon Elixir (2022282) from the Perion gachapon.
06:50:14.257 [nioEventLoopGroup-3-4] INFO  gachapon.Gachapon - Mantracker got a Square Shovel (1322010) from the Perion gachapon.
06:50:15.100 [nioEventLoopGroup-3-4] INFO  gachapon.Gachapon - Mantracker got a Power Elixir (2000005) from the Perion gachapon.
06:50:15.756 [nioEventLoopGroup-3-4] INFO  gachapon.Gachapon - Mantracker got a Maple Lama Staff (1382012) from the Perion gachapon.
06:50:16.585 [nioEventLoopGroup-3-4] INFO  gachapon.Gachapon - Mantracker got a Diamond Ore (4020007) from the Perion gachapon.
06:50:17.454 [nioEventLoopGroup-3-4] INFO  gachapon.Gachapon - Mantracker got a Shinkita (1332003) from the Perion gachapon.
06:50:18.085 [nioEventLoopGroup-3-4] INFO  gachapon.Gachapon - Mantracker got a Orihalcon Burgernet Helm (1002050) from the Perion gachapon.
06:50:18.936 [nioEventLoopGroup-3-4] INFO  gachapon.Gachapon - Mantracker got a Blue Work Gloves (1082147) from the Perion gachapon.
06:50:19.792 [nioEventLoopGroup-3-4] INFO  gachapon.Gachapon - Mantracker got a Emerald Ore (4020003) from the Perion gachapon.
06:50:20.424 [nioEventLoopGroup-3-4] INFO  gachapon.Gachapon - Mantracker got a Gold Sneak (1041060) from the Perion gachapon.
06:50:21.308 [nioEventLoopGroup-3-4] INFO  gachapon.Gachapon - Mantracker got a Bent Judgement (1322020) from the Perion gachapon.
